<?xml version="1.0" encoding="UTF-8"?>
<!-- Generated by org.testng.reporters.JUnitReportReporter -->
<testsuite skipped="0" hostname="DESKTOP-JHJRVJ9" name="com.walmart.qa.testcases.SignUpPageTest" tests="2" failures="0" timestamp="18 Sep 2019 23:23:15 GMT" time="41.651" errors="0">
  <testcase name="SignUpPageTitleTest" time="17.492" classname="com.walmart.qa.testcases.SignUpPageTest"/>
  <testcase name="createAccountTest" time="24.159" classname="com.walmart.qa.testcases.SignUpPageTest"/>
</testsuite> <!-- com.walmart.qa.testcases.SignUpPageTest -->
