<?xml version="1.0" encoding="UTF-8"?>
<!-- Generated by org.testng.reporters.JUnitReportReporter -->
<testsuite skipped="0" hostname="DESKTOP-JHJRVJ9" name="com.walmart.qa.testcases.LoginPageTest" tests="2" failures="0" timestamp="18 Sep 2019 21:40:58 GMT" time="39.323" errors="0">
  <testcase name="loginPageTitleTest" time="19.399" classname="com.walmart.qa.testcases.LoginPageTest"/>
  <testcase name="loginTest" time="19.924" classname="com.walmart.qa.testcases.LoginPageTest"/>
</testsuite> <!-- com.walmart.qa.testcases.LoginPageTest -->
